The system is: Windows - 10.0.19044 - AMD64
Compiling the C compiler identification source file "CMakeCCompilerId.c" succeeded.
Compiler: C:/Program Files/Microsoft Visual Studio/2022/Community/VC/Tools/MSVC/14.32.31326/bin/Hostx64/x64/cl.exe 
Build flags: 
Id flags:  

The output was:
0
Microsoft (R) C/C++ Optimizing Compiler Version 19.32.31332 for x64
Copyright (C) Microsoft Corporation.  著作權所有，並保留一切權利。

CMakeCCompilerId.c
Microsoft (R) Incremental Linker Version 14.32.31332.0
Copyright (C) Microsoft Corporation.  All rights reserved.

/out:CMakeCCompilerId.exe 
CMakeCCompilerId.obj 


Compilation of the C compiler identification source "CMakeCCompilerId.c" produced "CMakeCCompilerId.exe"

Compilation of the C compiler identification source "CMakeCCompilerId.c" produced "CMakeCCompilerId.obj"

The C compiler identification is MSVC, found in "D:/code/cpp/imageConverter_cpp_cmake/build/CMakeFiles/3.24.0-rc3/CompilerIdC/CMakeCCompilerId.exe"

Compiling the CXX compiler identification source file "CMakeCXXCompilerId.cpp" succeeded.
Compiler: C:/Program Files/Microsoft Visual Studio/2022/Community/VC/Tools/MSVC/14.32.31326/bin/Hostx64/x64/cl.exe 
Build flags: 
Id flags:  

The output was:
0
Microsoft (R) C/C++ Optimizing Compiler Version 19.32.31332 for x64
Copyright (C) Microsoft Corporation.  著作權所有，並保留一切權利。

CMakeCXXCompilerId.cpp
Microsoft (R) Incremental Linker Version 14.32.31332.0
Copyright (C) Microsoft Corporation.  All rights reserved.

/out:CMakeCXXCompilerId.exe 
CMakeCXXCompilerId.obj 


Compilation of the CXX compiler identification source "CMakeCXXCompilerId.cpp" produced "CMakeCXXCompilerId.exe"

Compilation of the CXX compiler identification source "CMakeCXXCompilerId.cpp" produced "CMakeCXXCompilerId.obj"

The CXX compiler identification is MSVC, found in "D:/code/cpp/imageConverter_cpp_cmake/build/CMakeFiles/3.24.0-rc3/CompilerIdCXX/CMakeCXXCompilerId.exe"

Detecting C compiler ABI info compiled with the following output:
Change Dir: D:/code/cpp/imageConverter_cpp_cmake/build/CMakeFiles/CMakeTmp

Run Build Command(s):C:/PROGRA~1/msys64/mingw64/bin/mingw32-make.exe -f Makefile cmTC_f1597/fast && C:/PROGRA~1/msys64/mingw64/bin/mingw32-make.exe  -f CMakeFiles\cmTC_f1597.dir\build.make CMakeFiles/cmTC_f1597.dir/build
mingw32-make[1]: Entering directory 'D:/code/cpp/imageConverter_cpp_cmake/build/CMakeFiles/CMakeTmp'
Building C object CMakeFiles/cmTC_f1597.dir/CMakeCCompilerABI.c.obj
"C:\Program Files\CMake\bin\cmake.exe" -E cmake_cl_compile_depends --dep-file=CMakeFiles\cmTC_f1597.dir\CMakeCCompilerABI.c.obj.d --working-dir=D:\code\cpp\imageConverter_cpp_cmake\build\CMakeFiles\CMakeTmp --filter-prefix="瘜冽?: ?瑼?: " -- C:\PROGRA~1\MIB055~1\2022\COMMUN~1\VC\Tools\MSVC\1432~1.313\bin\Hostx64\x64\cl.exe  /nologo   /DWIN32 /D_WINDOWS /W3  /MDd /Zi /Ob0 /Od /RTC1 /showIncludes /FoCMakeFiles\cmTC_f1597.dir\CMakeCCompilerABI.c.obj /FdCMakeFiles\cmTC_f1597.dir/ /FS -c "C:\Program Files\CMake\share\cmake-3.24\Modules\CMakeCCompilerABI.c"
CMakeCCompilerABI.c
?`?? ?瑼?: C:\Program Files\CMake\share\cmake-3.24\Modules\CMakeCompilerABI.h
Linking C executable cmTC_f1597.exe
"C:\Program Files\CMake\bin\cmake.exe" -E cmake_link_script CMakeFiles\cmTC_f1597.dir\link.txt --verbose=1
"C:\Program Files\CMake\bin\cmake.exe" -E vs_link_exe --intdir=CMakeFiles\cmTC_f1597.dir --rc=C:\PROGRA~2\WI3CF2~1\10\bin\100190~1.0\x64\rc.exe --mt=C:\PROGRA~2\WI3CF2~1\10\bin\100190~1.0\x64\mt.exe --manifests -- C:\PROGRA~1\MIB055~1\2022\COMMUN~1\VC\Tools\MSVC\1432~1.313\bin\Hostx64\x64\link.exe /nologo @CMakeFiles\cmTC_f1597.dir\objects1.rsp  /out:cmTC_f1597.exe /implib:cmTC_f1597.lib /pdb:D:\code\cpp\imageConverter_cpp_cmake\build\CMakeFiles\CMakeTmp\cmTC_f1597.pdb /version:0.0 /machine:x64  /debug /INCREMENTAL /subsystem:console  kernel32.lib user32.lib gdi32.lib winspool.lib shell32.lib ole32.lib oleaut32.lib uuid.lib comdlg32.lib advapi32.lib 
mingw32-make[1]: Leaving directory 'D:/code/cpp/imageConverter_cpp_cmake/build/CMakeFiles/CMakeTmp'



Detecting CXX compiler ABI info compiled with the following output:
Change Dir: D:/code/cpp/imageConverter_cpp_cmake/build/CMakeFiles/CMakeTmp

Run Build Command(s):C:/PROGRA~1/msys64/mingw64/bin/mingw32-make.exe -f Makefile cmTC_fcfa6/fast && C:/PROGRA~1/msys64/mingw64/bin/mingw32-make.exe  -f CMakeFiles\cmTC_fcfa6.dir\build.make CMakeFiles/cmTC_fcfa6.dir/build
mingw32-make[1]: Entering directory 'D:/code/cpp/imageConverter_cpp_cmake/build/CMakeFiles/CMakeTmp'
Building CXX object CMakeFiles/cmTC_fcfa6.dir/CMakeCXXCompilerABI.cpp.obj
"C:\Program Files\CMake\bin\cmake.exe" -E cmake_cl_compile_depends --dep-file=CMakeFiles\cmTC_fcfa6.dir\CMakeCXXCompilerABI.cpp.obj.d --working-dir=D:\code\cpp\imageConverter_cpp_cmake\build\CMakeFiles\CMakeTmp --filter-prefix="瘜冽?: ?瑼?: " -- C:\PROGRA~1\MIB055~1\2022\COMMUN~1\VC\Tools\MSVC\1432~1.313\bin\Hostx64\x64\cl.exe  /nologo /TP   /DWIN32 /D_WINDOWS /W3 /GR /EHsc  /MDd /Zi /Ob0 /Od /RTC1 /showIncludes /FoCMakeFiles\cmTC_fcfa6.dir\CMakeCXXCompilerABI.cpp.obj /FdCMakeFiles\cmTC_fcfa6.dir/ /FS -c "C:\Program Files\CMake\share\cmake-3.24\Modules\CMakeCXXCompilerABI.cpp"
CMakeCXXCompilerABI.cpp
?`?? ?瑼?: C:\Program Files\CMake\share\cmake-3.24\Modules\CMakeCompilerABI.h
Linking CXX executable cmTC_fcfa6.exe
"C:\Program Files\CMake\bin\cmake.exe" -E cmake_link_script CMakeFiles\cmTC_fcfa6.dir\link.txt --verbose=1
"C:\Program Files\CMake\bin\cmake.exe" -E vs_link_exe --intdir=CMakeFiles\cmTC_fcfa6.dir --rc=C:\PROGRA~2\WI3CF2~1\10\bin\100190~1.0\x64\rc.exe --mt=C:\PROGRA~2\WI3CF2~1\10\bin\100190~1.0\x64\mt.exe --manifests -- C:\PROGRA~1\MIB055~1\2022\COMMUN~1\VC\Tools\MSVC\1432~1.313\bin\Hostx64\x64\link.exe /nologo @CMakeFiles\cmTC_fcfa6.dir\objects1.rsp  /out:cmTC_fcfa6.exe /implib:cmTC_fcfa6.lib /pdb:D:\code\cpp\imageConverter_cpp_cmake\build\CMakeFiles\CMakeTmp\cmTC_fcfa6.pdb /version:0.0 /machine:x64  /debug /INCREMENTAL /subsystem:console  kernel32.lib user32.lib gdi32.lib winspool.lib shell32.lib ole32.lib oleaut32.lib uuid.lib comdlg32.lib advapi32.lib 
mingw32-make[1]: Leaving directory 'D:/code/cpp/imageConverter_cpp_cmake/build/CMakeFiles/CMakeTmp'



